<?xml version="1.0" encoding="UTF-8" ?>
<testsuites name="vitest tests" tests="14" failures="0" errors="0" time="0.0865785">
    <testsuite name="src/js/division.test.js" timestamp="2025-02-02T03:19:46.944Z" hostname="LENOVOLEGION" tests="1" failures="0" errors="0" skipped="0" time="0.0014674">
        <testcase classname="src/js/division.test.js" name="divide 10 /2 to equal 5" time="0.0009384">
        </testcase>
    </testsuite>
    <testsuite name="src/js/sum.test.js" timestamp="2025-02-02T03:19:46.946Z" hostname="LENOVOLEGION" tests="5" failures="0" errors="0" skipped="0" time="0.0025124">
        <testcase classname="src/js/sum.test.js" name="Sumas &gt; adds 1 + 2 to equal 3" time="0.0008245">
        </testcase>
        <testcase classname="src/js/sum.test.js" name="Sumas &gt; sumar 5 + 10 no es 10" time="0.0004971">
        </testcase>
        <testcase classname="src/js/sum.test.js" name="Sumas &gt; adds -1 + -1 to equal -2" time="0.0001668">
        </testcase>
        <testcase classname="src/js/sum.test.js" name="Sumas &gt; adds 0.1 + 0.2 to approximately equal 0.3" time="0.0001759">
        </testcase>
        <testcase classname="src/js/sum.test.js" name="Sumas &gt; Math ramdom return a number between 0 and 1" time="0.0001781">
        </testcase>
    </testsuite>
    <testsuite name="src/test/App.test.tsx" timestamp="2025-02-02T03:19:46.958Z" hostname="LENOVOLEGION" tests="4" failures="0" errors="0" skipped="0" time="0.0408937">
        <testcase classname="src/test/App.test.tsx" name="Testing de App.tsx &gt; componente renderizado correctamente" time="0.0225549">
        </testcase>
        <testcase classname="src/test/App.test.tsx" name="Testing de App.tsx &gt; Debe renderizar la palabra &quot;Vite&quot;" time="0.0086885">
        </testcase>
        <testcase classname="src/test/App.test.tsx" name="Testing de App.tsx &gt; Debe renderizar la palabar &quot;React&quot;" time="0.0025612">
        </testcase>
        <testcase classname="src/test/App.test.tsx" name="Testing de App.tsx &gt; Debe incrementar a 1 cuando se da clic al botón" time="0.0063017">
        </testcase>
    </testsuite>
    <testsuite name="src/test/main.test.tsx" timestamp="2025-02-02T03:19:46.959Z" hostname="LENOVOLEGION" tests="4" failures="0" errors="0" skipped="0" time="0.041705">
        <testcase classname="src/test/main.test.tsx" name="Testing de App.tsx &gt; componente renderizado correctamente" time="0.0231262">
        </testcase>
        <testcase classname="src/test/main.test.tsx" name="Testing de App.tsx &gt; Debe renderizar la palabra &quot;Vite&quot;" time="0.008863">
        </testcase>
        <testcase classname="src/test/main.test.tsx" name="Testing de App.tsx &gt; Debe renderizar la palabar &quot;React&quot;" time="0.0026033">
        </testcase>
        <testcase classname="src/test/main.test.tsx" name="Testing de App.tsx &gt; Debe incrementar a 1 cuando se da clic al botón" time="0.0062998">
        </testcase>
    </testsuite>
</testsuites>
